0 info it worked if it ends with ok
1 verbose cli [ 'C:\\Program Files\\nodejs\\\\node.exe',
1 verbose cli   'C:\\Program Files\\nodejs\\node_modules\\npm\\bin\\npm-cli.js',
1 verbose cli   '-g',
1 verbose cli   'install',
1 verbose cli   'tessel',
1 verbose cli   '--python',
1 verbose cli   'v2.5.0' ]
2 info using npm@1.4.28
3 info using node@v0.10.33
4 verbose node symlink C:\Program Files\nodejs\\node.exe
5 verbose cache add [ 'tessel', null ]
6 verbose cache add name=undefined spec="tessel" args=["tessel",null]
7 verbose parsed url { protocol: null,
7 verbose parsed url   slashes: null,
7 verbose parsed url   auth: null,
7 verbose parsed url   host: null,
7 verbose parsed url   port: null,
7 verbose parsed url   hostname: null,
7 verbose parsed url   hash: null,
7 verbose parsed url   search: null,
7 verbose parsed url   query: null,
7 verbose parsed url   pathname: 'tessel',
7 verbose parsed url   path: 'tessel',
7 verbose parsed url   href: 'tessel' }
8 verbose cache add [ 'v2.5.0', null ]
9 verbose cache add name=undefined spec="v2.5.0" args=["v2.5.0",null]
10 verbose parsed url { protocol: null,
10 verbose parsed url   slashes: null,
10 verbose parsed url   auth: null,
10 verbose parsed url   host: null,
10 verbose parsed url   port: null,
10 verbose parsed url   hostname: null,
10 verbose parsed url   hash: null,
10 verbose parsed url   search: null,
10 verbose parsed url   query: null,
10 verbose parsed url   pathname: 'v2.5.0',
10 verbose parsed url   path: 'v2.5.0',
10 verbose parsed url   href: 'v2.5.0' }
11 silly lockFile 7a23b83a-tessel tessel
12 verbose lock tessel C:\Users\Galvin\AppData\Roaming\npm-cache\7a23b83a-tessel.lock
13 silly lockFile 193fa7e3-v2-5-0 v2.5.0
14 verbose lock v2.5.0 C:\Users\Galvin\AppData\Roaming\npm-cache\193fa7e3-v2-5-0.lock
15 silly lockFile 7a23b83a-tessel tessel
16 silly lockFile 7a23b83a-tessel tessel
17 verbose addNamed [ 'tessel', '' ]
18 verbose addNamed [ null, '*' ]
19 silly lockFile a753f041-tessel tessel@
20 verbose lock tessel@ C:\Users\Galvin\AppData\Roaming\npm-cache\a753f041-tessel.lock
21 silly lockFile 193fa7e3-v2-5-0 v2.5.0
22 silly lockFile 193fa7e3-v2-5-0 v2.5.0
23 silly addNameRange { name: 'tessel', range: '*', hasData: false }
24 verbose addNamed [ 'v2.5.0', '' ]
25 verbose addNamed [ null, '*' ]
26 silly lockFile 6ccf1a94-v2-5-0 v2.5.0@
27 verbose lock v2.5.0@ C:\Users\Galvin\AppData\Roaming\npm-cache\6ccf1a94-v2-5-0.lock
28 silly addNameRange { name: 'v2.5.0', range: '*', hasData: false }
29 verbose request where is /v2.5.0
30 verbose request registry https://registry.npmjs.org/
31 verbose request id 2a068426c65e4686
32 verbose url raw /v2.5.0
33 verbose url resolving [ 'https://registry.npmjs.org/', './v2.5.0' ]
34 verbose url resolved https://registry.npmjs.org/v2.5.0
35 verbose request where is https://registry.npmjs.org/v2.5.0
36 info trying registry request attempt 1 at 19:27:06
37 http GET https://registry.npmjs.org/v2.5.0
38 verbose request where is /tessel
39 verbose request registry https://registry.npmjs.org/
40 verbose url raw /tessel
41 verbose url resolving [ 'https://registry.npmjs.org/', './tessel' ]
42 verbose url resolved https://registry.npmjs.org/tessel
43 verbose request where is https://registry.npmjs.org/tessel
44 info trying registry request attempt 1 at 19:27:06
45 verbose etag "AGHG84MT4CAS0ATH2CKAI6W3Y"
46 http GET https://registry.npmjs.org/tessel
47 http 304 https://registry.npmjs.org/tessel
48 silly registry.get cb [ 304,
48 silly registry.get   { date: 'Thu, 16 Apr 2015 23:27:08 GMT',
48 silly registry.get     server: 'Apache',
48 silly registry.get     via: '1.1 varnish',
48 silly registry.get     'last-modified': 'Thu, 16 Apr 2015 23:27:08 GMT',
48 silly registry.get     'cache-control': 'max-age=60',
48 silly registry.get     etag: '"AGHG84MT4CAS0ATH2CKAI6W3Y"',
48 silly registry.get     age: '0',
48 silly registry.get     'x-served-by': 'cache-iad2145-IAD',
48 silly registry.get     'x-cache': 'MISS',
48 silly registry.get     'x-cache-hits': '0',
48 silly registry.get     'x-timer': 'S1429226828.826861,VS0,VE12',
48 silly registry.get     vary: 'Accept',
48 silly registry.get     'content-length': '0',
48 silly registry.get     'keep-alive': 'timeout=10, max=50',
48 silly registry.get     connection: 'Keep-Alive' } ]
49 verbose etag https://registry.npmjs.org/tessel from cache
50 silly addNameRange number 2 { name: 'tessel', range: '*', hasData: true }
51 silly addNameRange versions [ 'tessel',
51 silly addNameRange   [ '0.0.1',
51 silly addNameRange     '0.1.0',
51 silly addNameRange     '0.3.2',
51 silly addNameRange     '0.3.3',
51 silly addNameRange     '0.3.4',
51 silly addNameRange     '0.3.5',
51 silly addNameRange     '0.3.6',
51 silly addNameRange     '0.3.7',
51 silly addNameRange     '0.3.8',
51 silly addNameRange     '0.3.9',
51 silly addNameRange     '0.3.10',
51 silly addNameRange     '0.3.11',
51 silly addNameRange     '0.3.12',
51 silly addNameRange     '0.3.13',
51 silly addNameRange     '0.3.14',
51 silly addNameRange     '0.3.15',
51 silly addNameRange     '0.3.16',
51 silly addNameRange     '0.3.17',
51 silly addNameRange     '0.3.18',
51 silly addNameRange     '0.3.19',
51 silly addNameRange     '0.3.21',
51 silly addNameRange     '0.3.22' ] ]
52 verbose addNamed [ 'tessel', '0.3.22' ]
53 verbose addNamed [ '0.3.22', '0.3.22' ]
54 silly lockFile b904c98c-tessel-0-3-22 tessel@0.3.22
55 verbose lock tessel@0.3.22 C:\Users\Galvin\AppData\Roaming\npm-cache\b904c98c-tessel-0-3-22.lock
56 silly lockFile b904c98c-tessel-0-3-22 tessel@0.3.22
57 silly lockFile b904c98c-tessel-0-3-22 tessel@0.3.22
58 silly lockFile a753f041-tessel tessel@
59 silly lockFile a753f041-tessel tessel@
60 http 404 https://registry.npmjs.org/v2.5.0
61 verbose headers { date: 'Thu, 16 Apr 2015 23:27:08 GMT',
61 verbose headers   server: 'CouchDB/1.5.0 (Erlang OTP/R16B03)',
61 verbose headers   'content-type': 'application/json',
61 verbose headers   'cache-control': 'max-age=0',
61 verbose headers   'content-length': '51',
61 verbose headers   'accept-ranges': 'bytes',
61 verbose headers   via: '1.1 varnish',
61 verbose headers   age: '0',
61 verbose headers   'x-served-by': 'cache-iad2121-IAD',
61 verbose headers   'x-cache': 'MISS',
61 verbose headers   'x-cache-hits': '0',
61 verbose headers   'x-timer': 'S1429226828.907947,VS0,VE91',
61 verbose headers   'keep-alive': 'timeout=10, max=50',
61 verbose headers   connection: 'Keep-Alive' }
62 silly registry.get cb [ 404,
62 silly registry.get   { date: 'Thu, 16 Apr 2015 23:27:08 GMT',
62 silly registry.get     server: 'CouchDB/1.5.0 (Erlang OTP/R16B03)',
62 silly registry.get     'content-type': 'application/json',
62 silly registry.get     'cache-control': 'max-age=0',
62 silly registry.get     'content-length': '51',
62 silly registry.get     'accept-ranges': 'bytes',
62 silly registry.get     via: '1.1 varnish',
62 silly registry.get     age: '0',
62 silly registry.get     'x-served-by': 'cache-iad2121-IAD',
62 silly registry.get     'x-cache': 'MISS',
62 silly registry.get     'x-cache-hits': '0',
62 silly registry.get     'x-timer': 'S1429226828.907947,VS0,VE91',
62 silly registry.get     'keep-alive': 'timeout=10, max=50',
62 silly registry.get     connection: 'Keep-Alive' } ]
63 silly lockFile 6ccf1a94-v2-5-0 v2.5.0@
64 silly lockFile 6ccf1a94-v2-5-0 v2.5.0@
65 error 404 404 Not Found: v2.5.0
65 error 404
65 error 404 'v2.5.0' is not in the npm registry.
65 error 404 You should bug the author to publish it
65 error 404
65 error 404 Note that you can also install from a
65 error 404 tarball, folder, or http url, or git url.
66 error System Windows_NT 6.2.9200
67 error command "C:\\Program Files\\nodejs\\\\node.exe" "C:\\Program Files\\nodejs\\node_modules\\npm\\bin\\npm-cli.js" "-g" "install" "tessel" "--python" "v2.5.0"
68 error cwd C:\cygwin64\home\Galvin\amongus
69 error node -v v0.10.33
70 error npm -v 1.4.28
71 error code E404
72 verbose exit [ 1, true ]
